<?xml version="1.0" encoding="UTF-8"?>
<!-- Generated by org.testng.reporters.JUnitReportReporter -->
<testsuite hostname="DESKTOP-5966DD6" failures="1" tests="4" name="testcases.CreatingDependies" time="0.011" errors="0" timestamp="2024-02-21T20:58:18 IST" skipped="1">
  <testcase classname="testcases.CreatingDependies" name="doUserReg" time="0.003">
    <failure message="User not registered" type="java.lang.AssertionError">
      <![CDATA[java.lang.AssertionError: User not registered
at org.testng.Assert.fail(Assert.java:111)
at testcases.CreatingDependies.doUserReg(CreatingDependies.java:11)
at java.base/jdk.internal.reflect.DirectMethodHandleAccessor.invoke(DirectMethodHandleAccessor.java:103)
at java.base/java.lang.reflect.Method.invoke(Method.java:580)
at org.testng.internal.invokers.MethodInvocationHelper.invokeMethod(MethodInvocationHelper.java:139)
at org.testng.internal.invokers.TestInvoker.invokeMethod(TestInvoker.java:664)
at org.testng.internal.invokers.TestInvoker.invokeTestMethod(TestInvoker.java:228)
at org.testng.internal.invokers.MethodRunner.runInSequence(MethodRunner.java:63)
at org.testng.internal.invokers.TestInvoker$MethodInvocationAgent.invoke(TestInvoker.java:961)
at org.testng.internal.invokers.TestInvoker.invokeTestMethods(TestInvoker.java:201)
at org.testng.internal.invokers.TestMethodWorker.invokeTestMethods(TestMethodWorker.java:148)
at org.testng.internal.invokers.TestMethodWorker.run(TestMethodWorker.java:128)
at java.base/java.util.ArrayList.forEach(ArrayList.java:1596)
at org.testng.TestRunner.privateRun(TestRunner.java:819)
at org.testng.TestRunner.run(TestRunner.java:619)
at org.testng.SuiteRunner.runTest(SuiteRunner.java:443)
at org.testng.SuiteRunner.runSequentially(SuiteRunner.java:437)
at org.testng.SuiteRunner.privateRun(SuiteRunner.java:397)
at org.testng.SuiteRunner.run(SuiteRunner.java:336)
at org.testng.SuiteRunnerWorker.runSuite(SuiteRunnerWorker.java:52)
at org.testng.SuiteRunnerWorker.run(SuiteRunnerWorker.java:95)
at org.testng.TestNG.runSuitesSequentially(TestNG.java:1301)
at org.testng.TestNG.runSuitesLocally(TestNG.java:1228)
at org.testng.TestNG.runSuites(TestNG.java:1134)
at org.testng.TestNG.run(TestNG.java:1101)
at org.testng.remote.AbstractRemoteTestNG.run(AbstractRemoteTestNG.java:115)
at org.testng.remote.RemoteTestNG.initAndRun(RemoteTestNG.java:251)
at org.testng.remote.RemoteTestNG.main(RemoteTestNG.java:77)
]]>
    </failure>
    <system-out>
      <![CDATA[<a href="C:\Users\AMIT\Pictures\Screenshots.jpg"> Screenshot links</a>
<br>
<a href="C:\Users\AMIT\Pictures\Screenshots.jpg" target="_blank"> <img height =200 width=200 scr="C:\Users\AMIT\Pictures\Screenshots.jpg" Screenshot links</a>]]>
    </system-out>
  </testcase> <!-- doUserReg -->
  <testcase classname="testcases.CreatingDependies" name="doLogIn" time="0.000">
    <skipped/>
  </testcase> <!-- doLogIn -->
  <testcase classname="testcases.CreatingDependies" name="thirdTest" time="0.005"/>
  <testcase classname="testcases.CreatingDependies" name="fourTest" time="0.003"/>
  <system-out>
    <![CDATA[<a href="C:\Users\AMIT\Pictures\Screenshots.jpg"> Screenshot links</a>
<br>
<a href="C:\Users\AMIT\Pictures\Screenshots.jpg" target="_blank"> <img height =200 width=200 scr="C:\Users\AMIT\Pictures\Screenshots.jpg" Screenshot links</a>
<a href="C:\Users\AMIT\Pictures\Screenshots.jpg"> Screenshot links</a>
<br>
<a href="C:\Users\AMIT\Pictures\Screenshots.jpg" target="_blank"> <img height =200 width=200 scr="C:\Users\AMIT\Pictures\Screenshots.jpg" Screenshot links</a>]]>
  </system-out>
</testsuite> <!-- testcases.CreatingDependies -->
